<?xml version="1.0" encoding="UTF-8"?>
<testng-results ignored="0" total="2" passed="2" failed="0" skipped="0">
  <reporter-output>
  </reporter-output>
  <suite started-at="2024-04-14T15:53:06 IST" name="Default suite" finished-at="2024-04-14T15:53:26 IST" duration-ms="19237">
    <groups>
    </groups>
    <test started-at="2024-04-14T15:53:06 IST" name="Default test" finished-at="2024-04-14T15:53:26 IST" duration-ms="19237">
      <class name="tests.HomePageTest">
        <test-method is-config="true" signature="setup()[pri:0, instance:tests.HomePageTest@cecf639]" started-at="2024-04-14T15:53:06 IST" name="setup" finished-at="2024-04-14T15:53:24 IST" duration-ms="17937" status="PASS">
          <reporter-output>
          </reporter-output>
        </test-method> <!-- setup -->
        <test-method signature="doesContactExistTest()[pri:0, instance:tests.HomePageTest@cecf639]" started-at="2024-04-14T15:53:24 IST" name="doesContactExistTest" finished-at="2024-04-14T15:53:25 IST" duration-ms="197" status="PASS">
          <reporter-output>
          </reporter-output>
        </test-method> <!-- doesContactExistTest -->
        <test-method signature="doesHeaderExistTest()[pri:0, instance:tests.HomePageTest@cecf639]" started-at="2024-04-14T15:53:25 IST" name="doesHeaderExistTest" finished-at="2024-04-14T15:53:25 IST" duration-ms="161" status="PASS">
          <reporter-output>
          </reporter-output>
        </test-method> <!-- doesHeaderExistTest -->
        <test-method is-config="true" signature="teardown()[pri:0, instance:tests.HomePageTest@cecf639]" started-at="2024-04-14T15:53:25 IST" name="teardown" finished-at="2024-04-14T15:53:26 IST" duration-ms="773" status="PASS">
          <reporter-output>
          </reporter-output>
        </test-method> <!-- teardown -->
      </class> <!-- tests.HomePageTest -->
    </test> <!-- Default test -->
  </suite> <!-- Default suite -->
</testng-results>
